<?xml version="1.0" encoding="UTF-8"?>
<testsuite name="org.example.AppTest" tests="1" skipped="0" failures="0" errors="0" timestamp="2024-06-14T08:20:01" hostname="Surajs-MacBook-Pro.local" time="0.024">
  <properties/>
  <testcase name="testAdd()" classname="org.example.AppTest" time="0.024"/>
  <system-out><![CDATA[]]></system-out>
  <system-err><![CDATA[]]></system-err>
</testsuite>
